<?xml version="1.0" encoding="UTF-8"?>
<testsuite xmlns:xsi="http://www.w3.org/2001/XMLSchema-instance" xsi:noNamespaceSchemaLocation="https://maven.apache.org/surefire/maven-surefire-plugin/xsd/surefire-test-report-3.0.xsd" version="3.0" name="se.yrgo.booklib.BookCatalogTest" time="0.11" tests="5" errors="0" skipped="0" failures="0">
  <properties>
[...]
</properties>
  <testcase name="testAddABook" classname="se.yrgo.booklib.BookCatalogTest" time="0.06"/>
  <testcase name="testFindBook" classname="se.yrgo.booklib.BookCatalogTest" time="0.001"/>
  <testcase name="testFindBookIgnoringCase" classname="se.yrgo.booklib.BookCatalogTest" time="0.002"/>
  <testcase name="testFindBookWithExtraSpaces" classname="se.yrgo.booklib.BookCatalogTest" time="0.001"/>
  <testcase name="testFindBookThatDoesntExist" classname="se.yrgo.booklib.BookCatalogTest" time="0.001"/>
</testsuite>